官网解析到 63 条 PDF 链接，29 个项目
数据库中 北京市/2026 共 31 条记录
  [跳过] 官网仅第1次出分：常规化学A / 第3次 (id=41)
  [跳过] 官网仅第1次出分：常规化学A / 第2次 (id=43)
  [跳过] 项目不在官网映射：D-二聚体和纤维蛋白降解产物检测 / 第1次 (id=44)
  [跳过] 项目不在官网映射：D-二聚体和纤维蛋白降解产物检测 / 第2次 (id=45)
  [跳过] 官网仅第1次出分：血清降钙素原 / 第2次 (id=47)
  [跳过] 官网仅第1次出分：糖化白蛋白 / 第2次 (id=49)
  [跳过] 官网仅第1次出分：凝血试验 / 第2次 (id=51)
  [跳过] 官网仅第1次出分：细胞因子 / 第2次 (id=53)
  [跳过] 项目不在官网映射：京津冀鲁盲样 / 第1次 (id=54)
  [跳过] 项目不在官网映射：京津冀鲁盲样 / 第2次 (id=55)
  [跳过] 官网仅第1次出分：感染性疾病抗原抗体快速检测 / 第2次 (id=83)
  [跳过] 官网仅第1次出分：内分泌 / 第2次 (id=85)
  [跳过] 官网仅第1次出分：感染性疾病血清学标志物系列B / 第2次 (id=87)
  [跳过] 项目不在官网映射：肝炎标志物 / 第1次 (id=88)
  [跳过] 项目不在官网映射：肝炎标志物 / 第2次 (id=89)
  [跳过] 官网仅第1次出分：感染性疾病血清学标志物系列C / 第2次 (id=91)
  [跳过] 官网仅第1次出分：中孕期母血清产前筛查 / 第2次 (id=93)
  [跳过] 官网仅第1次出分：肿瘤标志物A / 第2次 (id=95)
  [跳过] 项目不在官网映射：结核 / 第1次 (id=96)
  [跳过] 项目不在官网映射：sTfR / 第1次 (id=97)

匹配目标 plan 数：11
  plan_id=40 常规化学A/第1次 <- 合并[汇总+统计结果表]
  plan_id=46 血清降钙素原/第1次 <- 合并[汇总+统计结果表]
  plan_id=48 糖化白蛋白/第1次 <- 合并[汇总+统计结果表]
  plan_id=50 凝血试验/第1次 <- 合并[汇总+统计结果表]
  plan_id=52 细胞因子/第1次 <- 合并[汇总+统计结果表]
  plan_id=82 感染性疾病抗原抗体快速检测/第1次 <- 合并[汇总+统计结果表]
  plan_id=84 内分泌/第1次 <- 合并[汇总+统计结果表]
  plan_id=86 感染性疾病血清学标志物系列B/第1次 <- 合并[汇总+统计结果表]
  plan_id=90 感染性疾病血清学标志物系列C/第1次 <- 合并[汇总+统计结果表]
  plan_id=92 中孕期母血清产前筛查/第1次 <- 合并[汇总+统计结果表]
  plan_id=94 肿瘤标志物A/第1次 <- 合并[汇总+统计结果表]
  [下载+合并] 汇总+统计结果表 -> 272695 bytes -> D:\workbuddyprojects\网页版-生免速查工具\data\eqa_reports\常规化学A_第1次_40.pdf
  [下载+合并] 汇总+统计结果表 -> 99611 bytes -> D:\workbuddyprojects\网页版-生免速查工具\data\eqa_reports\血清降钙素原_第1次_46.pdf
  [下载+合并] 汇总+统计结果表 -> 97852 bytes -> D:\workbuddyprojects\网页版-生免速查工具\data\eqa_reports\糖化白蛋白_第1次_48.pdf
  [下载+合并] 汇总+统计结果表 -> 118667 bytes -> D:\workbuddyprojects\网页版-生免速查工具\data\eqa_reports\凝血试验_第1次_50.pdf
  [下载+合并] 汇总+统计结果表 -> 100270 bytes -> D:\workbuddyprojects\网页版-生免速查工具\data\eqa_reports\细胞因子_第1次_52.pdf
  [下载+合并] 汇总+统计结果表 -> 109307 bytes -> D:\workbuddyprojects\网页版-生免速查工具\data\eqa_reports\感染性疾病抗原抗体快速检测_第1次_82.pdf
  [下载+合并] 汇总+统计结果表 -> 163348 bytes -> D:\workbuddyprojects\网页版-生免速查工具\data\eqa_reports\内分泌_第1次_84.pdf
  [下载+合并] 汇总+统计结果表 -> 96054 bytes -> D:\workbuddyprojects\网页版-生免速查工具\data\eqa_reports\感染性疾病血清学标志物系列B_第1次_86.pdf
  [下载+合并] 汇总+统计结果表 -> 93448 bytes -> D:\workbuddyprojects\网页版-生免速查工具\data\eqa_reports\感染性疾病血清学标志物系列C_第1次_90.pdf
  [下载+合并] 汇总+统计结果表 -> 112048 bytes -> D:\workbuddyprojects\网页版-生免速查工具\data\eqa_reports\中孕期母血清产前筛查_第1次_92.pdf
  [下载+合并] 汇总+统计结果表 -> 133009 bytes -> D:\workbuddyprojects\网页版-生免速查工具\data\eqa_reports\肿瘤标志物A_第1次_94.pdf

共更新 11 条数据库记录

汇总：匹配 11 / 跳过 20 / 未匹配 0
EXIT=0
