[36mvite v5.4.21 [32mbuilding for production...[36m[39m
transforming...
node_modules/@vueuse/core/dist/index.js (3362:0): A comment

"/* #__PURE__ */"

in "node_modules/@vueuse/core/dist/index.js" contains an annotation that Rollup cannot interpret due to the position of the comment. The comment will be removed to avoid issues.
node_modules/@vueuse/core/dist/index.js (5780:22): A comment

"/* #__PURE__ */"

in "node_modules/@vueuse/core/dist/index.js" contains an annotation that Rollup cannot interpret due to the position of the comment. The comment will be removed to avoid issues.
[32m✓[39m 2119 modules transformed.
rendering chunks...
[1m[33m[plugin:vite:reporter][39m[22m [33m[plugin vite:reporter] 
(!) D:/workbuddyprojects/网页版-生免速查工具/frontend/src/router/index.js is dynamically imported by D:/workbuddyprojects/网页版-生免速查工具/frontend/src/utils/request.js but also statically imported by D:/workbuddyprojects/网页版-生免速查工具/frontend/src/main.js, dynamic import will not move module into another chunk.
[39m
computing gzip size...
[2mdist/[22m[32mindex.html                                  [39m[1m[2m    0.40 kB[22m[1m[22m[2m │ gzip:   0.32 kB[22m
[2mdist/[22m[35massets/ReagentList-v-sNXeUV.css             [39m[1m[2m    0.04 kB[22m[1m[22m[2m │ gzip:   0.06 kB[22m
[2mdist/[22m[35massets/TrainingList-DgUl8gH3.css            [39m[1m[2m    0.04 kB[22m[1m[22m[2m │ gzip:   0.06 kB[22m
[2mdist/[22m[35massets/VerificationList-Bbmg-Nhc.css        [39m[1m[2m    0.04 kB[22m[1m[22m[2m │ gzip:   0.06 kB[22m
[2mdist/[22m[35massets/NonconformityList-BmiRwGnA.css       [39m[1m[2m    0.04 kB[22m[1m[22m[2m │ gzip:   0.06 kB[22m
[2mdist/[22m[35massets/CrudTable-vaMb144t.css               [39m[1m[2m    0.29 kB[22m[1m[22m[2m │ gzip:   0.18 kB[22m
[2mdist/[22m[35massets/Login-DULfENlG.css                   [39m[1m[2m    0.48 kB[22m[1m[22m[2m │ gzip:   0.27 kB[22m
[2mdist/[22m[35massets/InstrumentFamilyManage-BRIJP5j6.css  [39m[1m[2m    0.55 kB[22m[1m[22m[2m │ gzip:   0.30 kB[22m
[2mdist/[22m[35massets/InstrumentList-B-29k5eF.css          [39m[1m[2m    0.83 kB[22m[1m[22m[2m │ gzip:   0.37 kB[22m
[2mdist/[22m[35massets/Dashboard-BhLF5Jjf.css               [39m[1m[2m    0.95 kB[22m[1m[22m[2m │ gzip:   0.41 kB[22m
[2mdist/[22m[35massets/DocumentList-BBJsGMk1.css            [39m[1m[2m    1.07 kB[22m[1m[22m[2m │ gzip:   0.49 kB[22m
[2mdist/[22m[35massets/QCList-BCvSofxo.css                  [39m[1m[2m    1.39 kB[22m[1m[22m[2m │ gzip:   0.48 kB[22m
[2mdist/[22m[35massets/TestItemList-CVAhmESq.css            [39m[1m[2m    5.56 kB[22m[1m[22m[2m │ gzip:   1.32 kB[22m
[2mdist/[22m[35massets/index-DZO3T0gS.css                   [39m[1m[2m  358.37 kB[22m[1m[22m[2m │ gzip:  48.05 kB[22m
[2mdist/[22m[36massets/reagents-Cez9lSAy.js                 [39m[1m[2m    0.29 kB[22m[1m[22m[2m │ gzip:   0.18 kB[22m
[2mdist/[22m[36massets/nonconformity-L0dCxAkq.js            [39m[1m[2m    0.32 kB[22m[1m[22m[2m │ gzip:   0.19 kB[22m
[2mdist/[22m[36massets/training-haqsg6I2.js                 [39m[1m[2m    0.33 kB[22m[1m[22m[2m │ gzip:   0.19 kB[22m
[2mdist/[22m[36massets/verification-Ci_B09ze.js             [39m[1m[2m    0.34 kB[22m[1m[22m[2m │ gzip:   0.19 kB[22m
[2mdist/[22m[36massets/testItems-3wi2kUgh.js                [39m[1m[2m    0.57 kB[22m[1m[22m[2m │ gzip:   0.27 kB[22m
[2mdist/[22m[36massets/documents-BUtFW2cj.js                [39m[1m[2m    1.23 kB[22m[1m[22m[2m │ gzip:   0.50 kB[22m
[2mdist/[22m[36massets/qc-CfrR13vS.js                       [39m[1m[2m    1.50 kB[22m[1m[22m[2m │ gzip:   0.49 kB[22m
[2mdist/[22m[36massets/Login-n2OBbshB.js                    [39m[1m[2m    1.66 kB[22m[1m[22m[2m │ gzip:   1.00 kB[22m
[2mdist/[22m[36massets/instruments-By5kW3lo.js              [39m[1m[2m    2.20 kB[22m[1m[22m[2m │ gzip:   0.59 kB[22m
[2mdist/[22m[36massets/TrainingList-3h5_hAvI.js             [39m[1m[2m    2.46 kB[22m[1m[22m[2m │ gzip:   1.43 kB[22m
[2mdist/[22m[36massets/VerificationList-CKOWrAks.js         [39m[1m[2m    2.55 kB[22m[1m[22m[2m │ gzip:   1.49 kB[22m
[2mdist/[22m[36massets/EditDialog-JlaFb7Fg.js               [39m[1m[2m    2.57 kB[22m[1m[22m[2m │ gzip:   1.04 kB[22m
[2mdist/[22m[36massets/ReagentList-Ch9EmmtR.js              [39m[1m[2m    2.57 kB[22m[1m[22m[2m │ gzip:   1.49 kB[22m
[2mdist/[22m[36massets/NonconformityList-30o-JRg8.js        [39m[1m[2m    2.60 kB[22m[1m[22m[2m │ gzip:   1.51 kB[22m
[2mdist/[22m[36massets/CrudTable-BvXcfsl5.js                [39m[1m[2m    2.95 kB[22m[1m[22m[2m │ gzip:   1.53 kB[22m
[2mdist/[22m[36massets/InstrumentFamilyManage-DwnuKddK.js   [39m[1m[2m    5.31 kB[22m[1m[22m[2m │ gzip:   2.55 kB[22m
[2mdist/[22m[36massets/Dashboard-7cQyms0x.js                [39m[1m[2m    5.51 kB[22m[1m[22m[2m │ gzip:   2.24 kB[22m
[2mdist/[22m[36massets/QCList-DF2xXTve.js                   [39m[1m[2m   13.28 kB[22m[1m[22m[2m │ gzip:   5.53 kB[22m
[2mdist/[22m[36massets/TestItemList-CPsfA8m-.js             [39m[1m[2m   16.34 kB[22m[1m[22m[2m │ gzip:   6.00 kB[22m
[2mdist/[22m[36massets/DocumentList-Ii7DWLWO.js             [39m[1m[2m   19.50 kB[22m[1m[22m[2m │ gzip:   6.31 kB[22m
[2mdist/[22m[36massets/InstrumentList-DWswfAPN.js           [39m[1m[2m   20.64 kB[22m[1m[22m[2m │ gzip:   7.09 kB[22m
[2mdist/[22m[36massets/index-CHVQe6XQ.js                    [39m[1m[2m  494.79 kB[22m[1m[22m[2m │ gzip: 129.73 kB[22m
[2mdist/[22m[36massets/index-BsETKgL-.js                    [39m[1m[33m1,239.90 kB[39m[22m[2m │ gzip: 401.97 kB[22m
[33m
(!) Some chunks are larger than 500 kB after minification. Consider:
- Using dynamic import() to code-split the application
- Use build.rollupOptions.output.manualChunks to improve chunking: https://rollupjs.org/configuration-options/#output-manualchunks
- Adjust chunk size limit for this warning via build.chunkSizeWarningLimit.[39m
[32m✓ built in 7.42s[39m
