[36mvite v5.4.21 [32mbuilding for production...[36m[39m
transforming...
node_modules/@vueuse/core/dist/index.js (3362:0): A comment

"/* #__PURE__ */"

in "node_modules/@vueuse/core/dist/index.js" contains an annotation that Rollup cannot interpret due to the position of the comment. The comment will be removed to avoid issues.
node_modules/@vueuse/core/dist/index.js (5780:22): A comment

"/* #__PURE__ */"

in "node_modules/@vueuse/core/dist/index.js" contains an annotation that Rollup cannot interpret due to the position of the comment. The comment will be removed to avoid issues.
[32m✓[39m 2119 modules transformed.
rendering chunks...
[1m[33m[plugin:vite:reporter][39m[22m [33m[plugin vite:reporter] 
(!) D:/workbuddyprojects/网页版-生免速查工具/frontend/src/router/index.js is dynamically imported by D:/workbuddyprojects/网页版-生免速查工具/frontend/src/utils/request.js but also statically imported by D:/workbuddyprojects/网页版-生免速查工具/frontend/src/main.js, dynamic import will not move module into another chunk.
[39m
computing gzip size...
[2mdist/[22m[32mindex.html                                  [39m[1m[2m    0.40 kB[22m[1m[22m[2m │ gzip:   0.32 kB[22m
[2mdist/[22m[35massets/ReagentList-v-sNXeUV.css             [39m[1m[2m    0.04 kB[22m[1m[22m[2m │ gzip:   0.06 kB[22m
[2mdist/[22m[35massets/TrainingList-DgUl8gH3.css            [39m[1m[2m    0.04 kB[22m[1m[22m[2m │ gzip:   0.06 kB[22m
[2mdist/[22m[35massets/VerificationList-Bbmg-Nhc.css        [39m[1m[2m    0.04 kB[22m[1m[22m[2m │ gzip:   0.06 kB[22m
[2mdist/[22m[35massets/NonconformityList-BmiRwGnA.css       [39m[1m[2m    0.04 kB[22m[1m[22m[2m │ gzip:   0.06 kB[22m
[2mdist/[22m[35massets/CrudTable-vaMb144t.css               [39m[1m[2m    0.29 kB[22m[1m[22m[2m │ gzip:   0.18 kB[22m
[2mdist/[22m[35massets/Login-DULfENlG.css                   [39m[1m[2m    0.48 kB[22m[1m[22m[2m │ gzip:   0.27 kB[22m
[2mdist/[22m[35massets/InstrumentFamilyManage-BRIJP5j6.css  [39m[1m[2m    0.55 kB[22m[1m[22m[2m │ gzip:   0.30 kB[22m
[2mdist/[22m[35massets/InstrumentList-B-29k5eF.css          [39m[1m[2m    0.83 kB[22m[1m[22m[2m │ gzip:   0.37 kB[22m
[2mdist/[22m[35massets/Dashboard-BhLF5Jjf.css               [39m[1m[2m    0.95 kB[22m[1m[22m[2m │ gzip:   0.41 kB[22m
[2mdist/[22m[35massets/QCList-BBt1N3Ti.css                  [39m[1m[2m    0.95 kB[22m[1m[22m[2m │ gzip:   0.39 kB[22m
[2mdist/[22m[35massets/DocumentList-BBJsGMk1.css            [39m[1m[2m    1.07 kB[22m[1m[22m[2m │ gzip:   0.49 kB[22m
[2mdist/[22m[35massets/TestItemList-CVAhmESq.css            [39m[1m[2m    5.56 kB[22m[1m[22m[2m │ gzip:   1.32 kB[22m
[2mdist/[22m[35massets/index-DZO3T0gS.css                   [39m[1m[2m  358.37 kB[22m[1m[22m[2m │ gzip:  48.05 kB[22m
[2mdist/[22m[36massets/reagents-CNmPquBC.js                 [39m[1m[2m    0.29 kB[22m[1m[22m[2m │ gzip:   0.18 kB[22m
[2mdist/[22m[36massets/nonconformity-DkMHdvCZ.js            [39m[1m[2m    0.32 kB[22m[1m[22m[2m │ gzip:   0.19 kB[22m
[2mdist/[22m[36massets/training-BtaNRpmX.js                 [39m[1m[2m    0.33 kB[22m[1m[22m[2m │ gzip:   0.19 kB[22m
[2mdist/[22m[36massets/verification-Bm3_AcjR.js             [39m[1m[2m    0.34 kB[22m[1m[22m[2m │ gzip:   0.19 kB[22m
[2mdist/[22m[36massets/testItems-PtB7pWsJ.js                [39m[1m[2m    0.57 kB[22m[1m[22m[2m │ gzip:   0.27 kB[22m
[2mdist/[22m[36massets/qc-DaJwOkRP.js                       [39m[1m[2m    1.19 kB[22m[1m[22m[2m │ gzip:   0.44 kB[22m
[2mdist/[22m[36massets/documents-iLUALLBc.js                [39m[1m[2m    1.23 kB[22m[1m[22m[2m │ gzip:   0.50 kB[22m
[2mdist/[22m[36massets/Login-CyOoZQye.js                    [39m[1m[2m    1.66 kB[22m[1m[22m[2m │ gzip:   1.01 kB[22m
[2mdist/[22m[36massets/instruments-aQP40ovS.js              [39m[1m[2m    2.20 kB[22m[1m[22m[2m │ gzip:   0.59 kB[22m
[2mdist/[22m[36massets/TrainingList-DKtgt29k.js             [39m[1m[2m    2.46 kB[22m[1m[22m[2m │ gzip:   1.43 kB[22m
[2mdist/[22m[36massets/VerificationList-BrTGBCCG.js         [39m[1m[2m    2.55 kB[22m[1m[22m[2m │ gzip:   1.49 kB[22m
[2mdist/[22m[36massets/EditDialog-CtblXtIy.js               [39m[1m[2m    2.57 kB[22m[1m[22m[2m │ gzip:   1.04 kB[22m
[2mdist/[22m[36massets/ReagentList-DdBFipep.js              [39m[1m[2m    2.57 kB[22m[1m[22m[2m │ gzip:   1.49 kB[22m
[2mdist/[22m[36massets/NonconformityList-CJP7yXjQ.js        [39m[1m[2m    2.60 kB[22m[1m[22m[2m │ gzip:   1.51 kB[22m
[2mdist/[22m[36massets/CrudTable-CDp8agaj.js                [39m[1m[2m    2.95 kB[22m[1m[22m[2m │ gzip:   1.53 kB[22m
[2mdist/[22m[36massets/InstrumentFamilyManage-WXIiyBBh.js   [39m[1m[2m    5.31 kB[22m[1m[22m[2m │ gzip:   2.55 kB[22m
[2mdist/[22m[36massets/Dashboard-ajtks7rU.js                [39m[1m[2m    5.51 kB[22m[1m[22m[2m │ gzip:   2.24 kB[22m
[2mdist/[22m[36massets/QCList-CRV8Yksr.js                   [39m[1m[2m   10.48 kB[22m[1m[22m[2m │ gzip:   4.69 kB[22m
[2mdist/[22m[36massets/TestItemList-CVFvaCAi.js             [39m[1m[2m   16.34 kB[22m[1m[22m[2m │ gzip:   6.00 kB[22m
[2mdist/[22m[36massets/DocumentList-1lqM8_5R.js             [39m[1m[2m   19.50 kB[22m[1m[22m[2m │ gzip:   6.31 kB[22m
[2mdist/[22m[36massets/InstrumentList-CVsIcoft.js           [39m[1m[2m   20.64 kB[22m[1m[22m[2m │ gzip:   7.10 kB[22m
[2mdist/[22m[36massets/index-CPFDjrX4.js                    [39m[1m[2m  494.79 kB[22m[1m[22m[2m │ gzip: 129.73 kB[22m
[2mdist/[22m[36massets/index-DbOX9CA2.js                    [39m[1m[33m1,239.90 kB[39m[22m[2m │ gzip: 401.97 kB[22m
[33m
(!) Some chunks are larger than 500 kB after minification. Consider:
- Using dynamic import() to code-split the application
- Use build.rollupOptions.output.manualChunks to improve chunking: https://rollupjs.org/configuration-options/#output-manualchunks
- Adjust chunk size limit for this warning via build.chunkSizeWarningLimit.[39m
[32m✓ built in 7.46s[39m
